\BOOKMARK [0][-]{chapter.1}{\376\377\000N\000a\000m\000e\000s\000p\000a\000c\000e\000\040\000I\000n\000d\000e\000x}{}% 1
\BOOKMARK [1][-]{section.1.1}{\376\377\000N\000a\000m\000e\000s\000p\000a\000c\000e\000\040\000L\000i\000s\000t}{chapter.1}% 2
\BOOKMARK [0][-]{chapter.2}{\376\377\000H\000i\000e\000r\000a\000r\000c\000h\000i\000c\000a\000l\000\040\000I\000n\000d\000e\000x}{}% 3
\BOOKMARK [1][-]{section.2.1}{\376\377\000C\000l\000a\000s\000s\000\040\000H\000i\000e\000r\000a\000r\000c\000h\000y}{chapter.2}% 4
\BOOKMARK [0][-]{chapter.3}{\376\377\000C\000l\000a\000s\000s\000\040\000I\000n\000d\000e\000x}{}% 5
\BOOKMARK [1][-]{section.3.1}{\376\377\000C\000l\000a\000s\000s\000\040\000L\000i\000s\000t}{chapter.3}% 6
\BOOKMARK [0][-]{chapter.4}{\376\377\000F\000i\000l\000e\000\040\000I\000n\000d\000e\000x}{}% 7
\BOOKMARK [1][-]{section.4.1}{\376\377\000F\000i\000l\000e\000\040\000L\000i\000s\000t}{chapter.4}% 8
\BOOKMARK [0][-]{chapter.5}{\376\377\000N\000a\000m\000e\000s\000p\000a\000c\000e\000\040\000D\000o\000c\000u\000m\000e\000n\000t\000a\000t\000i\000o\000n}{}% 9
\BOOKMARK [1][-]{section.5.1}{\376\377\000C\000M\000D\000\040\000N\000a\000m\000e\000s\000p\000a\000c\000e\000\040\000R\000e\000f\000e\000r\000e\000n\000c\000e}{chapter.5}% 10
\BOOKMARK [2][-]{subsection.5.1.1}{\376\377\000D\000e\000t\000a\000i\000l\000e\000d\000\040\000D\000e\000s\000c\000r\000i\000p\000t\000i\000o\000n}{section.5.1}% 11
\BOOKMARK [2][-]{subsection.5.1.2}{\376\377\000E\000n\000u\000m\000e\000r\000a\000t\000i\000o\000n\000\040\000T\000y\000p\000e\000\040\000D\000o\000c\000u\000m\000e\000n\000t\000a\000t\000i\000o\000n}{section.5.1}% 12
\BOOKMARK [3][-]{subsubsection.5.1.2.1}{\376\377\000a\000n\000o\000n\000y\000m\000o\000u\000s\000\040\000e\000n\000u\000m}{subsection.5.1.2}% 13
\BOOKMARK [1][-]{section.5.2}{\376\377\000E\000R\000R\000O\000R\000\040\000N\000a\000m\000e\000s\000p\000a\000c\000e\000\040\000R\000e\000f\000e\000r\000e\000n\000c\000e}{chapter.5}% 14
\BOOKMARK [2][-]{subsection.5.2.1}{\376\377\000D\000e\000t\000a\000i\000l\000e\000d\000\040\000D\000e\000s\000c\000r\000i\000p\000t\000i\000o\000n}{section.5.2}% 15
\BOOKMARK [2][-]{subsection.5.2.2}{\376\377\000E\000n\000u\000m\000e\000r\000a\000t\000i\000o\000n\000\040\000T\000y\000p\000e\000\040\000D\000o\000c\000u\000m\000e\000n\000t\000a\000t\000i\000o\000n}{section.5.2}% 16
\BOOKMARK [3][-]{subsubsection.5.2.2.1}{\376\377\000a\000n\000o\000n\000y\000m\000o\000u\000s\000\040\000e\000n\000u\000m}{subsection.5.2.2}% 17
\BOOKMARK [0][-]{chapter.6}{\376\377\000C\000l\000a\000s\000s\000\040\000D\000o\000c\000u\000m\000e\000n\000t\000a\000t\000i\000o\000n}{}% 18
\BOOKMARK [1][-]{section.6.1}{\376\377\000b\000a\000n\000\040\000C\000l\000a\000s\000s\000\040\000R\000e\000f\000e\000r\000e\000n\000c\000e}{chapter.6}% 19
\BOOKMARK [2][-]{subsection.6.1.1}{\376\377\000C\000o\000n\000s\000t\000r\000u\000c\000t\000o\000r\000\040\000\046\000\040\000D\000e\000s\000t\000r\000u\000c\000t\000o\000r\000\040\000D\000o\000c\000u\000m\000e\000n\000t\000a\000t\000i\000o\000n}{section.6.1}% 20
\BOOKMARK [3][-]{subsubsection.6.1.1.1}{\376\377\000b\000a\000n}{subsection.6.1.1}% 21
\BOOKMARK [2][-]{subsection.6.1.2}{\376\377\000M\000e\000m\000b\000e\000r\000\040\000F\000u\000n\000c\000t\000i\000o\000n\000\040\000D\000o\000c\000u\000m\000e\000n\000t\000a\000t\000i\000o\000n}{section.6.1}% 22
\BOOKMARK [3][-]{subsubsection.6.1.2.1}{\376\377\000v\000e\000r\000i\000f\000y}{subsection.6.1.2}% 23
\BOOKMARK [1][-]{section.6.2}{\376\377\000b\000a\000n\000l\000i\000s\000t\000\040\000C\000l\000a\000s\000s\000\040\000R\000e\000f\000e\000r\000e\000n\000c\000e}{chapter.6}% 24
\BOOKMARK [2][-]{subsection.6.2.1}{\376\377\000C\000o\000n\000s\000t\000r\000u\000c\000t\000o\000r\000\040\000\046\000\040\000D\000e\000s\000t\000r\000u\000c\000t\000o\000r\000\040\000D\000o\000c\000u\000m\000e\000n\000t\000a\000t\000i\000o\000n}{section.6.2}% 25
\BOOKMARK [3][-]{subsubsection.6.2.1.1}{\376\377\000b\000a\000n\000l\000i\000s\000t}{subsection.6.2.1}% 26
\BOOKMARK [2][-]{subsection.6.2.2}{\376\377\000M\000e\000m\000b\000e\000r\000\040\000F\000u\000n\000c\000t\000i\000o\000n\000\040\000D\000o\000c\000u\000m\000e\000n\000t\000a\000t\000i\000o\000n}{section.6.2}% 27
\BOOKMARK [3][-]{subsubsection.6.2.2.1}{\376\377\000v\000e\000r\000i\000f\000y}{subsection.6.2.2}% 28
\BOOKMARK [1][-]{section.6.3}{\376\377\000b\000d\000P\000l\000a\000t\000f\000o\000r\000m\000L\000o\000g\000\040\000C\000l\000a\000s\000s\000\040\000R\000e\000f\000e\000r\000e\000n\000c\000e}{chapter.6}% 29
\BOOKMARK [2][-]{subsection.6.3.1}{\376\377\000D\000e\000t\000a\000i\000l\000e\000d\000\040\000D\000e\000s\000c\000r\000i\000p\000t\000i\000o\000n}{section.6.3}% 30
\BOOKMARK [2][-]{subsection.6.3.2}{\376\377\000C\000o\000n\000s\000t\000r\000u\000c\000t\000o\000r\000\040\000\046\000\040\000D\000e\000s\000t\000r\000u\000c\000t\000o\000r\000\040\000D\000o\000c\000u\000m\000e\000n\000t\000a\000t\000i\000o\000n}{section.6.3}% 31
\BOOKMARK [3][-]{subsubsection.6.3.2.1}{\376\377\000b\000d\000P\000l\000a\000t\000f\000o\000r\000m\000L\000o\000g}{subsection.6.3.2}% 32
\BOOKMARK [2][-]{subsection.6.3.3}{\376\377\000M\000e\000m\000b\000e\000r\000\040\000F\000u\000n\000c\000t\000i\000o\000n\000\040\000D\000o\000c\000u\000m\000e\000n\000t\000a\000t\000i\000o\000n}{section.6.3}% 33
\BOOKMARK [3][-]{subsubsection.6.3.3.1}{\376\377\000b\000d\000L\000o\000g\000M\000e\000s\000s\000a\000g\000e}{subsection.6.3.3}% 34
\BOOKMARK [3][-]{subsubsection.6.3.3.2}{\376\377\000p\000u\000b\000l\000i\000s\000h}{subsection.6.3.3}% 35
\BOOKMARK [1][-]{section.6.4}{\376\377\000C\000h\000a\000n\000n\000e\000l\000\040\000C\000l\000a\000s\000s\000\040\000R\000e\000f\000e\000r\000e\000n\000c\000e}{chapter.6}% 36
\BOOKMARK [2][-]{subsection.6.4.1}{\376\377\000D\000e\000t\000a\000i\000l\000e\000d\000\040\000D\000e\000s\000c\000r\000i\000p\000t\000i\000o\000n}{section.6.4}% 37
\BOOKMARK [2][-]{subsection.6.4.2}{\376\377\000C\000o\000n\000s\000t\000r\000u\000c\000t\000o\000r\000\040\000\046\000\040\000D\000e\000s\000t\000r\000u\000c\000t\000o\000r\000\040\000D\000o\000c\000u\000m\000e\000n\000t\000a\000t\000i\000o\000n}{section.6.4}% 38
\BOOKMARK [3][-]{subsubsection.6.4.2.1}{\376\377\000C\000h\000a\000n\000n\000e\000l}{subsection.6.4.2}% 39
\BOOKMARK [2][-]{subsection.6.4.3}{\376\377\000M\000e\000m\000b\000e\000r\000\040\000F\000u\000n\000c\000t\000i\000o\000n\000\040\000D\000o\000c\000u\000m\000e\000n\000t\000a\000t\000i\000o\000n}{section.6.4}% 40
\BOOKMARK [3][-]{subsubsection.6.4.3.1}{\376\377\000a\000d\000d\000C\000l\000i\000e\000n\000t}{subsection.6.4.3}% 41
\BOOKMARK [3][-]{subsubsection.6.4.3.2}{\376\377\000g\000e\000t\000C\000h\000a\000n\000n\000e\000l\000N\000a\000m\000e}{subsection.6.4.3}% 42
\BOOKMARK [3][-]{subsubsection.6.4.3.3}{\376\377\000g\000e\000t\000C\000l\000i\000e\000n\000t\000L\000i\000s\000t}{subsection.6.4.3}% 43
\BOOKMARK [3][-]{subsubsection.6.4.3.4}{\376\377\000g\000e\000t\000T\000o\000p\000i\000c}{subsection.6.4.3}% 44
\BOOKMARK [3][-]{subsubsection.6.4.3.5}{\376\377\000i\000s\000S\000t\000a\000t\000u\000s}{subsection.6.4.3}% 45
\BOOKMARK [3][-]{subsubsection.6.4.3.6}{\376\377\000r\000e\000m\000o\000v\000e\000C\000l\000i\000e\000n\000t}{subsection.6.4.3}% 46
\BOOKMARK [3][-]{subsubsection.6.4.3.7}{\376\377\000s\000e\000t\000T\000o\000p\000i\000c}{subsection.6.4.3}% 47
\BOOKMARK [3][-]{subsubsection.6.4.3.8}{\376\377\000u\000n\000b\000a\000n\000C\000l\000i\000e\000n\000t}{subsection.6.4.3}% 48
\BOOKMARK [1][-]{section.6.5}{\376\377\000C\000l\000i\000e\000n\000t\000\040\000C\000l\000a\000s\000s\000\040\000R\000e\000f\000e\000r\000e\000n\000c\000e}{chapter.6}% 49
\BOOKMARK [2][-]{subsection.6.5.1}{\376\377\000D\000e\000t\000a\000i\000l\000e\000d\000\040\000D\000e\000s\000c\000r\000i\000p\000t\000i\000o\000n}{section.6.5}% 50
\BOOKMARK [2][-]{subsection.6.5.2}{\376\377\000C\000o\000n\000s\000t\000r\000u\000c\000t\000o\000r\000\040\000\046\000\040\000D\000e\000s\000t\000r\000u\000c\000t\000o\000r\000\040\000D\000o\000c\000u\000m\000e\000n\000t\000a\000t\000i\000o\000n}{section.6.5}% 51
\BOOKMARK [3][-]{subsubsection.6.5.2.1}{\376\377\000C\000l\000i\000e\000n\000t}{subsection.6.5.2}% 52
\BOOKMARK [2][-]{subsection.6.5.3}{\376\377\000M\000e\000m\000b\000e\000r\000\040\000F\000u\000n\000c\000t\000i\000o\000n\000\040\000D\000o\000c\000u\000m\000e\000n\000t\000a\000t\000i\000o\000n}{section.6.5}% 53
\BOOKMARK [3][-]{subsubsection.6.5.3.1}{\376\377\000g\000e\000t\000M\000s\000g}{subsection.6.5.3}% 54
\BOOKMARK [3][-]{subsubsection.6.5.3.2}{\376\377\000g\000e\000t\000N\000i\000c\000k\000n\000a\000m\000e}{subsection.6.5.3}% 55
\BOOKMARK [3][-]{subsubsection.6.5.3.3}{\376\377\000g\000e\000t\000S\000o\000c\000k\000e\000t}{subsection.6.5.3}% 56
\BOOKMARK [3][-]{subsubsection.6.5.3.4}{\376\377\000g\000e\000t\000S\000t\000a\000t\000e}{subsection.6.5.3}% 57
\BOOKMARK [3][-]{subsubsection.6.5.3.5}{\376\377\000o\000n\000D\000a\000t\000a\000R\000e\000a\000d\000y}{subsection.6.5.3}% 58
\BOOKMARK [3][-]{subsubsection.6.5.3.6}{\376\377\000s\000e\000t\000M\000s\000g}{subsection.6.5.3}% 59
\BOOKMARK [3][-]{subsubsection.6.5.3.7}{\376\377\000s\000e\000t\000N\000i\000c\000k\000n\000a\000m\000e}{subsection.6.5.3}% 60
\BOOKMARK [3][-]{subsubsection.6.5.3.8}{\376\377\000s\000e\000t\000S\000o\000c\000k\000e\000t}{subsection.6.5.3}% 61
\BOOKMARK [3][-]{subsubsection.6.5.3.9}{\376\377\000s\000e\000t\000S\000t\000a\000t\000e}{subsection.6.5.3}% 62
\BOOKMARK [1][-]{section.6.6}{\376\377\000C\000o\000m\000m\000a\000n\000d\000\040\000C\000l\000a\000s\000s\000\040\000R\000e\000f\000e\000r\000e\000n\000c\000e}{chapter.6}% 63
\BOOKMARK [2][-]{subsection.6.6.1}{\376\377\000D\000e\000t\000a\000i\000l\000e\000d\000\040\000D\000e\000s\000c\000r\000i\000p\000t\000i\000o\000n}{section.6.6}% 64
\BOOKMARK [2][-]{subsection.6.6.2}{\376\377\000M\000e\000m\000b\000e\000r\000\040\000F\000u\000n\000c\000t\000i\000o\000n\000\040\000D\000o\000c\000u\000m\000e\000n\000t\000a\000t\000i\000o\000n}{section.6.6}% 65
\BOOKMARK [3][-]{subsubsection.6.6.2.1}{\376\377\000g\000e\000t\000C\000o\000m\000m\000a\000n\000d}{subsection.6.6.2}% 66
\BOOKMARK [1][-]{section.6.7}{\376\377\000c\000w\000h\000o\000\040\000C\000l\000a\000s\000s\000\040\000R\000e\000f\000e\000r\000e\000n\000c\000e}{chapter.6}% 67
\BOOKMARK [2][-]{subsection.6.7.1}{\376\377\000C\000o\000n\000s\000t\000r\000u\000c\000t\000o\000r\000\040\000\046\000\040\000D\000e\000s\000t\000r\000u\000c\000t\000o\000r\000\040\000D\000o\000c\000u\000m\000e\000n\000t\000a\000t\000i\000o\000n}{section.6.7}% 68
\BOOKMARK [3][-]{subsubsection.6.7.1.1}{\376\377\000c\000w\000h\000o}{subsection.6.7.1}% 69
\BOOKMARK [2][-]{subsection.6.7.2}{\376\377\000M\000e\000m\000b\000e\000r\000\040\000F\000u\000n\000c\000t\000i\000o\000n\000\040\000D\000o\000c\000u\000m\000e\000n\000t\000a\000t\000i\000o\000n}{section.6.7}% 70
\BOOKMARK [3][-]{subsubsection.6.7.2.1}{\376\377\000v\000e\000r\000i\000f\000y}{subsection.6.7.2}% 71
\BOOKMARK [1][-]{section.6.8}{\376\377\000d\000e\000o\000p\000\040\000C\000l\000a\000s\000s\000\040\000R\000e\000f\000e\000r\000e\000n\000c\000e}{chapter.6}% 72
\BOOKMARK [2][-]{subsection.6.8.1}{\376\377\000C\000o\000n\000s\000t\000r\000u\000c\000t\000o\000r\000\040\000\046\000\040\000D\000e\000s\000t\000r\000u\000c\000t\000o\000r\000\040\000D\000o\000c\000u\000m\000e\000n\000t\000a\000t\000i\000o\000n}{section.6.8}% 73
\BOOKMARK [3][-]{subsubsection.6.8.1.1}{\376\377\000d\000e\000o\000p}{subsection.6.8.1}% 74
\BOOKMARK [2][-]{subsection.6.8.2}{\376\377\000M\000e\000m\000b\000e\000r\000\040\000F\000u\000n\000c\000t\000i\000o\000n\000\040\000D\000o\000c\000u\000m\000e\000n\000t\000a\000t\000i\000o\000n}{section.6.8}% 75
\BOOKMARK [3][-]{subsubsection.6.8.2.1}{\376\377\000v\000e\000r\000i\000f\000y}{subsection.6.8.2}% 76
\BOOKMARK [1][-]{section.6.9}{\376\377\000F\000r\000a\000m\000e\000\040\000C\000l\000a\000s\000s\000\040\000R\000e\000f\000e\000r\000e\000n\000c\000e}{chapter.6}% 77
\BOOKMARK [1][-]{section.6.10}{\376\377\000g\000w\000h\000o\000\040\000C\000l\000a\000s\000s\000\040\000R\000e\000f\000e\000r\000e\000n\000c\000e}{chapter.6}% 78
\BOOKMARK [2][-]{subsection.6.10.1}{\376\377\000C\000o\000n\000s\000t\000r\000u\000c\000t\000o\000r\000\040\000\046\000\040\000D\000e\000s\000t\000r\000u\000c\000t\000o\000r\000\040\000D\000o\000c\000u\000m\000e\000n\000t\000a\000t\000i\000o\000n}{section.6.10}% 79
\BOOKMARK [3][-]{subsubsection.6.10.1.1}{\376\377\000g\000w\000h\000o}{subsection.6.10.1}% 80
\BOOKMARK [2][-]{subsection.6.10.2}{\376\377\000M\000e\000m\000b\000e\000r\000\040\000F\000u\000n\000c\000t\000i\000o\000n\000\040\000D\000o\000c\000u\000m\000e\000n\000t\000a\000t\000i\000o\000n}{section.6.10}% 81
\BOOKMARK [3][-]{subsubsection.6.10.2.1}{\376\377\000v\000e\000r\000i\000f\000y}{subsection.6.10.2}% 82
\BOOKMARK [1][-]{section.6.11}{\376\377\000j\000o\000i\000n\000\040\000C\000l\000a\000s\000s\000\040\000R\000e\000f\000e\000r\000e\000n\000c\000e}{chapter.6}% 83
\BOOKMARK [2][-]{subsection.6.11.1}{\376\377\000C\000o\000n\000s\000t\000r\000u\000c\000t\000o\000r\000\040\000\046\000\040\000D\000e\000s\000t\000r\000u\000c\000t\000o\000r\000\040\000D\000o\000c\000u\000m\000e\000n\000t\000a\000t\000i\000o\000n}{section.6.11}% 84
\BOOKMARK [3][-]{subsubsection.6.11.1.1}{\376\377\000j\000o\000i\000n}{subsection.6.11.1}% 85
\BOOKMARK [2][-]{subsection.6.11.2}{\376\377\000M\000e\000m\000b\000e\000r\000\040\000F\000u\000n\000c\000t\000i\000o\000n\000\040\000D\000o\000c\000u\000m\000e\000n\000t\000a\000t\000i\000o\000n}{section.6.11}% 86
\BOOKMARK [3][-]{subsubsection.6.11.2.1}{\376\377\000v\000e\000r\000i\000f\000y}{subsection.6.11.2}% 87
\BOOKMARK [1][-]{section.6.12}{\376\377\000k\000i\000c\000k\000\040\000C\000l\000a\000s\000s\000\040\000R\000e\000f\000e\000r\000e\000n\000c\000e}{chapter.6}% 88
\BOOKMARK [2][-]{subsection.6.12.1}{\376\377\000C\000o\000n\000s\000t\000r\000u\000c\000t\000o\000r\000\040\000\046\000\040\000D\000e\000s\000t\000r\000u\000c\000t\000o\000r\000\040\000D\000o\000c\000u\000m\000e\000n\000t\000a\000t\000i\000o\000n}{section.6.12}% 89
\BOOKMARK [3][-]{subsubsection.6.12.1.1}{\376\377\000k\000i\000c\000k}{subsection.6.12.1}% 90
\BOOKMARK [2][-]{subsection.6.12.2}{\376\377\000M\000e\000m\000b\000e\000r\000\040\000F\000u\000n\000c\000t\000i\000o\000n\000\040\000D\000o\000c\000u\000m\000e\000n\000t\000a\000t\000i\000o\000n}{section.6.12}% 91
\BOOKMARK [3][-]{subsubsection.6.12.2.1}{\376\377\000v\000e\000r\000i\000f\000y}{subsection.6.12.2}% 92
\BOOKMARK [1][-]{section.6.13}{\376\377\000l\000e\000a\000v\000e\000\040\000C\000l\000a\000s\000s\000\040\000R\000e\000f\000e\000r\000e\000n\000c\000e}{chapter.6}% 93
\BOOKMARK [2][-]{subsection.6.13.1}{\376\377\000C\000o\000n\000s\000t\000r\000u\000c\000t\000o\000r\000\040\000\046\000\040\000D\000e\000s\000t\000r\000u\000c\000t\000o\000r\000\040\000D\000o\000c\000u\000m\000e\000n\000t\000a\000t\000i\000o\000n}{section.6.13}% 94
\BOOKMARK [3][-]{subsubsection.6.13.1.1}{\376\377\000l\000e\000a\000v\000e}{subsection.6.13.1}% 95
\BOOKMARK [2][-]{subsection.6.13.2}{\376\377\000M\000e\000m\000b\000e\000r\000\040\000F\000u\000n\000c\000t\000i\000o\000n\000\040\000D\000o\000c\000u\000m\000e\000n\000t\000a\000t\000i\000o\000n}{section.6.13}% 96
\BOOKMARK [3][-]{subsubsection.6.13.2.1}{\376\377\000v\000e\000r\000i\000f\000y}{subsection.6.13.2}% 97
\BOOKMARK [1][-]{section.6.14}{\376\377\000l\000i\000s\000t\000\040\000C\000l\000a\000s\000s\000\040\000R\000e\000f\000e\000r\000e\000n\000c\000e}{chapter.6}% 98
\BOOKMARK [2][-]{subsection.6.14.1}{\376\377\000C\000o\000n\000s\000t\000r\000u\000c\000t\000o\000r\000\040\000\046\000\040\000D\000e\000s\000t\000r\000u\000c\000t\000o\000r\000\040\000D\000o\000c\000u\000m\000e\000n\000t\000a\000t\000i\000o\000n}{section.6.14}% 99
\BOOKMARK [3][-]{subsubsection.6.14.1.1}{\376\377\000l\000i\000s\000t}{subsection.6.14.1}% 100
\BOOKMARK [2][-]{subsection.6.14.2}{\376\377\000M\000e\000m\000b\000e\000r\000\040\000F\000u\000n\000c\000t\000i\000o\000n\000\040\000D\000o\000c\000u\000m\000e\000n\000t\000a\000t\000i\000o\000n}{section.6.14}% 101
\BOOKMARK [3][-]{subsubsection.6.14.2.1}{\376\377\000v\000e\000r\000i\000f\000y}{subsection.6.14.2}% 102
\BOOKMARK [1][-]{section.6.15}{\376\377\000n\000i\000c\000k\000\040\000C\000l\000a\000s\000s\000\040\000R\000e\000f\000e\000r\000e\000n\000c\000e}{chapter.6}% 103
\BOOKMARK [2][-]{subsection.6.15.1}{\376\377\000C\000o\000n\000s\000t\000r\000u\000c\000t\000o\000r\000\040\000\046\000\040\000D\000e\000s\000t\000r\000u\000c\000t\000o\000r\000\040\000D\000o\000c\000u\000m\000e\000n\000t\000a\000t\000i\000o\000n}{section.6.15}% 104
\BOOKMARK [3][-]{subsubsection.6.15.1.1}{\376\377\000n\000i\000c\000k}{subsection.6.15.1}% 105
\BOOKMARK [2][-]{subsection.6.15.2}{\376\377\000M\000e\000m\000b\000e\000r\000\040\000F\000u\000n\000c\000t\000i\000o\000n\000\040\000D\000o\000c\000u\000m\000e\000n\000t\000a\000t\000i\000o\000n}{section.6.15}% 106
\BOOKMARK [3][-]{subsubsection.6.15.2.1}{\376\377\000v\000e\000r\000i\000f\000y}{subsection.6.15.2}% 107
\BOOKMARK [1][-]{section.6.16}{\376\377\000o\000p\000\040\000C\000l\000a\000s\000s\000\040\000R\000e\000f\000e\000r\000e\000n\000c\000e}{chapter.6}% 108
\BOOKMARK [2][-]{subsection.6.16.1}{\376\377\000C\000o\000n\000s\000t\000r\000u\000c\000t\000o\000r\000\040\000\046\000\040\000D\000e\000s\000t\000r\000u\000c\000t\000o\000r\000\040\000D\000o\000c\000u\000m\000e\000n\000t\000a\000t\000i\000o\000n}{section.6.16}% 109
\BOOKMARK [3][-]{subsubsection.6.16.1.1}{\376\377\000o\000p}{subsection.6.16.1}% 110
\BOOKMARK [2][-]{subsection.6.16.2}{\376\377\000M\000e\000m\000b\000e\000r\000\040\000F\000u\000n\000c\000t\000i\000o\000n\000\040\000D\000o\000c\000u\000m\000e\000n\000t\000a\000t\000i\000o\000n}{section.6.16}% 111
\BOOKMARK [3][-]{subsubsection.6.16.2.1}{\376\377\000v\000e\000r\000i\000f\000y}{subsection.6.16.2}% 112
\BOOKMARK [1][-]{section.6.17}{\376\377\000p\000r\000i\000v\000m\000s\000g\000\040\000C\000l\000a\000s\000s\000\040\000R\000e\000f\000e\000r\000e\000n\000c\000e}{chapter.6}% 113
\BOOKMARK [2][-]{subsection.6.17.1}{\376\377\000C\000o\000n\000s\000t\000r\000u\000c\000t\000o\000r\000\040\000\046\000\040\000D\000e\000s\000t\000r\000u\000c\000t\000o\000r\000\040\000D\000o\000c\000u\000m\000e\000n\000t\000a\000t\000i\000o\000n}{section.6.17}% 114
\BOOKMARK [3][-]{subsubsection.6.17.1.1}{\376\377\000p\000r\000i\000v\000m\000s\000g}{subsection.6.17.1}% 115
\BOOKMARK [2][-]{subsection.6.17.2}{\376\377\000M\000e\000m\000b\000e\000r\000\040\000F\000u\000n\000c\000t\000i\000o\000n\000\040\000D\000o\000c\000u\000m\000e\000n\000t\000a\000t\000i\000o\000n}{section.6.17}% 116
\BOOKMARK [3][-]{subsubsection.6.17.2.1}{\376\377\000v\000e\000r\000i\000f\000y}{subsection.6.17.2}% 117
\BOOKMARK [1][-]{section.6.18}{\376\377\000p\000u\000b\000m\000s\000g\000\040\000C\000l\000a\000s\000s\000\040\000R\000e\000f\000e\000r\000e\000n\000c\000e}{chapter.6}% 118
\BOOKMARK [2][-]{subsection.6.18.1}{\376\377\000C\000o\000n\000s\000t\000r\000u\000c\000t\000o\000r\000\040\000\046\000\040\000D\000e\000s\000t\000r\000u\000c\000t\000o\000r\000\040\000D\000o\000c\000u\000m\000e\000n\000t\000a\000t\000i\000o\000n}{section.6.18}% 119
\BOOKMARK [3][-]{subsubsection.6.18.1.1}{\376\377\000p\000u\000b\000m\000s\000g}{subsection.6.18.1}% 120
\BOOKMARK [2][-]{subsection.6.18.2}{\376\377\000M\000e\000m\000b\000e\000r\000\040\000F\000u\000n\000c\000t\000i\000o\000n\000\040\000D\000o\000c\000u\000m\000e\000n\000t\000a\000t\000i\000o\000n}{section.6.18}% 121
\BOOKMARK [3][-]{subsubsection.6.18.2.1}{\376\377\000v\000e\000r\000i\000f\000y}{subsection.6.18.2}% 122
\BOOKMARK [1][-]{section.6.19}{\376\377\000S\000e\000r\000v\000e\000r\000\040\000C\000l\000a\000s\000s\000\040\000R\000e\000f\000e\000r\000e\000n\000c\000e}{chapter.6}% 123
\BOOKMARK [2][-]{subsection.6.19.1}{\376\377\000D\000e\000t\000a\000i\000l\000e\000d\000\040\000D\000e\000s\000c\000r\000i\000p\000t\000i\000o\000n}{section.6.19}% 124
\BOOKMARK [1][-]{section.6.20}{\376\377\000t\000o\000p\000i\000c\000\040\000C\000l\000a\000s\000s\000\040\000R\000e\000f\000e\000r\000e\000n\000c\000e}{chapter.6}% 125
\BOOKMARK [2][-]{subsection.6.20.1}{\376\377\000C\000o\000n\000s\000t\000r\000u\000c\000t\000o\000r\000\040\000\046\000\040\000D\000e\000s\000t\000r\000u\000c\000t\000o\000r\000\040\000D\000o\000c\000u\000m\000e\000n\000t\000a\000t\000i\000o\000n}{section.6.20}% 126
\BOOKMARK [3][-]{subsubsection.6.20.1.1}{\376\377\000t\000o\000p\000i\000c}{subsection.6.20.1}% 127
\BOOKMARK [2][-]{subsection.6.20.2}{\376\377\000M\000e\000m\000b\000e\000r\000\040\000F\000u\000n\000c\000t\000i\000o\000n\000\040\000D\000o\000c\000u\000m\000e\000n\000t\000a\000t\000i\000o\000n}{section.6.20}% 128
\BOOKMARK [3][-]{subsubsection.6.20.2.1}{\376\377\000v\000e\000r\000i\000f\000y}{subsection.6.20.2}% 129
\BOOKMARK [1][-]{section.6.21}{\376\377\000u\000n\000b\000a\000n\000\040\000C\000l\000a\000s\000s\000\040\000R\000e\000f\000e\000r\000e\000n\000c\000e}{chapter.6}% 130
\BOOKMARK [2][-]{subsection.6.21.1}{\376\377\000C\000o\000n\000s\000t\000r\000u\000c\000t\000o\000r\000\040\000\046\000\040\000D\000e\000s\000t\000r\000u\000c\000t\000o\000r\000\040\000D\000o\000c\000u\000m\000e\000n\000t\000a\000t\000i\000o\000n}{section.6.21}% 131
\BOOKMARK [3][-]{subsubsection.6.21.1.1}{\376\377\000u\000n\000b\000a\000n}{subsection.6.21.1}% 132
\BOOKMARK [2][-]{subsection.6.21.2}{\376\377\000M\000e\000m\000b\000e\000r\000\040\000F\000u\000n\000c\000t\000i\000o\000n\000\040\000D\000o\000c\000u\000m\000e\000n\000t\000a\000t\000i\000o\000n}{section.6.21}% 133
\BOOKMARK [3][-]{subsubsection.6.21.2.1}{\376\377\000v\000e\000r\000i\000f\000y}{subsection.6.21.2}% 134
\BOOKMARK [0][-]{chapter.7}{\376\377\000F\000i\000l\000e\000\040\000D\000o\000c\000u\000m\000e\000n\000t\000a\000t\000i\000o\000n}{}% 135
\BOOKMARK [1][-]{section.7.1}{\376\377\000b\000d\000P\000l\000a\000t\000f\000o\000r\000m\000L\000o\000g\000.\000h\000\040\000F\000i\000l\000e\000\040\000R\000e\000f\000e\000r\000e\000n\000c\000e}{chapter.7}% 136
\BOOKMARK [2][-]{subsection.7.1.1}{\376\377\000D\000e\000t\000a\000i\000l\000e\000d\000\040\000D\000e\000s\000c\000r\000i\000p\000t\000i\000o\000n}{section.7.1}% 137
\BOOKMARK [2][-]{subsection.7.1.2}{\376\377\000E\000n\000u\000m\000e\000r\000a\000t\000i\000o\000n\000\040\000T\000y\000p\000e\000\040\000D\000o\000c\000u\000m\000e\000n\000t\000a\000t\000i\000o\000n}{section.7.1}% 138
\BOOKMARK [3][-]{subsubsection.7.1.2.1}{\376\377\000\137\000L\000o\000g\000L\000e\000v\000e\000l}{subsection.7.1.2}% 139
\BOOKMARK [1][-]{section.7.2}{\376\377\000c\000h\000a\000n\000n\000e\000l\000.\000h\000\040\000F\000i\000l\000e\000\040\000R\000e\000f\000e\000r\000e\000n\000c\000e}{chapter.7}% 140
\BOOKMARK [2][-]{subsection.7.2.1}{\376\377\000D\000e\000t\000a\000i\000l\000e\000d\000\040\000D\000e\000s\000c\000r\000i\000p\000t\000i\000o\000n}{section.7.2}% 141
\BOOKMARK [2][-]{subsection.7.2.2}{\376\377\000E\000n\000u\000m\000e\000r\000a\000t\000i\000o\000n\000\040\000T\000y\000p\000e\000\040\000D\000o\000c\000u\000m\000e\000n\000t\000a\000t\000i\000o\000n}{section.7.2}% 142
\BOOKMARK [3][-]{subsubsection.7.2.2.1}{\376\377\000s\000t\000a\000t\000u\000s}{subsection.7.2.2}% 143
\BOOKMARK [1][-]{section.7.3}{\376\377\000c\000l\000i\000e\000n\000t\000.\000h\000\040\000F\000i\000l\000e\000\040\000R\000e\000f\000e\000r\000e\000n\000c\000e}{chapter.7}% 144
\BOOKMARK [2][-]{subsection.7.3.1}{\376\377\000D\000e\000t\000a\000i\000l\000e\000d\000\040\000D\000e\000s\000c\000r\000i\000p\000t\000i\000o\000n}{section.7.3}% 145
\BOOKMARK [1][-]{section.7.4}{\376\377\000c\000o\000m\000m\000a\000n\000d\000.\000h\000\040\000F\000i\000l\000e\000\040\000R\000e\000f\000e\000r\000e\000n\000c\000e}{chapter.7}% 146
\BOOKMARK [2][-]{subsection.7.4.1}{\376\377\000D\000e\000t\000a\000i\000l\000e\000d\000\040\000D\000e\000s\000c\000r\000i\000p\000t\000i\000o\000n}{section.7.4}% 147
\BOOKMARK [1][-]{section.7.5}{\376\377\000s\000e\000r\000v\000e\000r\000.\000h\000\040\000F\000i\000l\000e\000\040\000R\000e\000f\000e\000r\000e\000n\000c\000e}{chapter.7}% 148
\BOOKMARK [2][-]{subsection.7.5.1}{\376\377\000D\000e\000t\000a\000i\000l\000e\000d\000\040\000D\000e\000s\000c\000r\000i\000p\000t\000i\000o\000n}{section.7.5}% 149
\BOOKMARK [-1][-]{subsection.7.5.1}{\376\377\000I\000n\000d\000e\000x}{}% 150
